frontend/core/utils/location/GoogleMapsService/build/intermediates/manifest_merge_blame_file/debug/manifest-merger-blame-debug-report.txt
1<?xml version="1.0" encoding="utf-8"?>
2<manifest xmlns:android="http://schemas.android.com/apk/res/android"
3    package="com.intersoft.googlemapsservice" >
4
5    <uses-sdk android:minSdkVersion="27" />
6
7    <uses-permission android:name="android.permission.ACCESS_FINE_LOCATION" />
7-->src\main\AndroidManifest.xml:3:5-78
7-->src\main\AndroidManifest.xml:3:22-76
8
9</manifest>